<?xml version="1.0" encoding="UTF-8"?>
<testsuite name="BinaryCalculatorTest" tests="2" skipped="0" failures="0" errors="0" timestamp="2019-09-23T07:26:48" hostname="DESKTOP-2KCSBI9" time="0.013">
  <properties/>
  <testcase name="testBinaryAddTemp()" classname="BinaryCalculatorTest" time="0.011"/>
  <testcase name="testBinaryAdd()" classname="BinaryCalculatorTest" time="0.001"/>
  <system-out><![CDATA[]]></system-out>
  <system-err><![CDATA[]]></system-err>
</testsuite>
